<?xml version="1.0" encoding="UTF-8"?>
<coverage generated="1765060102424" clover="3.2.0">
  <project timestamp="1765060102426" name="All files">
    <metrics statements="25" coveredstatements="21" conditionals="8" coveredconditionals="6" methods="8" coveredmethods="6" elements="41" coveredelements="33" complexity="0" loc="25" ncloc="25" packages="1" files="3" classes="3"/>
    <file name="Note.jsx" path="C:\Users\Gerson\Desktop\FullStackOpen\notesFrontend\src\components\Note.jsx">
      <metrics statements="7" coveredstatements="4" conditionals="4" coveredconditionals="2" methods="2" coveredmethods="1"/>
      <line num="1" count="1" type="stmt"/>
      <line num="2" count="3" type="cond" truecount="2" falsecount="0"/>
      <line num="4" count="3" type="stmt"/>
      <line num="12" count="1" type="stmt"/>
      <line num="13" count="0" type="cond" truecount="0" falsecount="2"/>
      <line num="14" count="0" type="stmt"/>
      <line num="16" count="0" type="stmt"/>
    </file>
    <file name="NoteForm.jsx" path="C:\Users\Gerson\Desktop\FullStackOpen\notesFrontend\src\components\NoteForm.jsx">
      <metrics statements="8" coveredstatements="8" conditionals="0" coveredconditionals="0" methods="3" coveredmethods="3"/>
      <line num="3" count="1" type="stmt"/>
      <line num="4" count="19" type="stmt"/>
      <line num="6" count="19" type="stmt"/>
      <line num="7" count="1" type="stmt"/>
      <line num="8" count="1" type="stmt"/>
      <line num="13" count="1" type="stmt"/>
      <line num="16" count="19" type="stmt"/>
      <line num="23" count="17" type="stmt"/>
    </file>
    <file name="Togglable.jsx" path="C:\Users\Gerson\Desktop\FullStackOpen\notesFrontend\src\components\Togglable.jsx">
      <metrics statements="10" coveredstatements="9" conditionals="4" coveredconditionals="4" methods="3" coveredmethods="2"/>
      <line num="4" count="1" type="stmt"/>
      <line num="5" count="3" type="stmt"/>
      <line num="7" count="3" type="cond" truecount="2" falsecount="0"/>
      <line num="8" count="3" type="cond" truecount="2" falsecount="0"/>
      <line num="10" count="3" type="stmt"/>
      <line num="11" count="2" type="stmt"/>
      <line num="15" count="3" type="stmt"/>
      <line num="16" count="0" type="stmt"/>
      <line num="21" count="3" type="stmt"/>
      <line num="36" count="1" type="stmt"/>
    </file>
  </project>
</coverage>
