TN:
SF:src\components\Note.jsx
FN:1,(anonymous_0)
FN:12,(anonymous_1)
FNF:2
FNH:1
FNDA:3,(anonymous_0)
FNDA:0,(anonymous_1)
DA:1,1
DA:2,3
DA:4,3
DA:12,1
DA:13,0
DA:14,0
DA:16,0
LF:7
LH:4
BRDA:2,0,0,2
BRDA:2,0,1,1
BRDA:13,1,0,0
BRDA:13,1,1,0
BRF:4
BRH:2
end_of_record
TN:
SF:src\components\NoteForm.jsx
FN:3,(anonymous_0)
FN:6,(anonymous_1)
FN:23,(anonymous_2)
FNF:3
FNH:3
FNDA:19,(anonymous_0)
FNDA:1,(anonymous_1)
FNDA:17,(anonymous_2)
DA:3,1
DA:4,19
DA:6,19
DA:7,1
DA:8,1
DA:13,1
DA:16,19
DA:23,17
LF:8
LH:8
BRF:0
BRH:0
end_of_record
TN:
SF:src\components\Togglable.jsx
FN:4,(anonymous_0)
FN:10,(anonymous_1)
FN:15,(anonymous_2)
FNF:3
FNH:2
FNDA:3,(anonymous_0)
FNDA:2,(anonymous_1)
FNDA:0,(anonymous_2)
DA:4,1
DA:5,3
DA:7,3
DA:8,3
DA:10,3
DA:11,2
DA:15,3
DA:16,0
DA:21,3
DA:36,1
LF:10
LH:9
BRDA:7,0,0,1
BRDA:7,0,1,2
BRDA:8,1,0,1
BRDA:8,1,1,2
BRF:4
BRH:4
end_of_record
